<?xml version="1.0" encoding="UTF-8"?>
<!-- Generated by org.testng.reporters.JUnitXMLReporter -->
<testsuite ignored="0" hostname="DESKTOP-MNPR1TA" failures="0" tests="4" name="Test" time="16.816" errors="0" timestamp="2024-11-27T19:46:05 IST">
  <testcase classname="mpack.ThreeTest" name="mOne" time="0.008"/>
  <testcase classname="mpack.OneTest" name="mOne" time="13.33"/>
  <testcase classname="mpack.TwoTest" name="mOne" time="0.001"/>
  <testcase classname="mpack.FourTest" name="mOne" time="0.002"/>
</testsuite> <!-- Test -->
