<?xml version="1.0" encoding="UTF-8"?>
<testng-results ignored="0" total="4" passed="4" failed="0" skipped="0">
  <reporter-output>
  </reporter-output>
  <suite started-at="2024-11-27T19:45:48 IST" name="Suite" finished-at="2024-11-27T19:46:05 IST" duration-ms="16816">
    <groups>
    </groups>
    <test started-at="2024-11-27T19:45:48 IST" name="Test" finished-at="2024-11-27T19:46:05 IST" duration-ms="16816">
      <class name="mpack.ThreeTest">
        <test-method signature="mOne()[pri:0, instance:mpack.ThreeTest@1e802ef9]" started-at="2024-11-27T19:45:48 IST" name="mOne" finished-at="2024-11-27T19:45:48 IST" duration-ms="8" status="PASS">
          <reporter-output>
          </reporter-output>
        </test-method> <!-- mOne -->
      </class> <!-- mpack.ThreeTest -->
      <class name="mpack.TwoTest">
        <test-method signature="mOne()[pri:0, instance:mpack.TwoTest@659a969b]" started-at="2024-11-27T19:46:04 IST" name="mOne" finished-at="2024-11-27T19:46:04 IST" duration-ms="1" status="PASS">
          <reporter-output>
          </reporter-output>
        </test-method> <!-- mOne -->
      </class> <!-- mpack.TwoTest -->
      <class name="mpack.OneTest">
        <test-method signature="mOne()[pri:0, instance:mpack.OneTest@59d016c9]" started-at="2024-11-27T19:45:48 IST" name="mOne" finished-at="2024-11-27T19:46:01 IST" duration-ms="13330" status="PASS">
          <reporter-output>
          </reporter-output>
        </test-method> <!-- mOne -->
        <test-method is-config="true" signature="mne()[pri:0, instance:mpack.OneTest@59d016c9]" started-at="2024-11-27T19:46:01 IST" name="mne" finished-at="2024-11-27T19:46:04 IST" duration-ms="3405" status="PASS">
          <reporter-output>
          </reporter-output>
        </test-method> <!-- mne -->
      </class> <!-- mpack.OneTest -->
      <class name="mpack.FourTest">
        <test-method signature="mOne()[pri:0, instance:mpack.FourTest@76908cc0]" started-at="2024-11-27T19:46:05 IST" name="mOne" finished-at="2024-11-27T19:46:05 IST" duration-ms="2" status="PASS">
          <reporter-output>
          </reporter-output>
        </test-method> <!-- mOne -->
      </class> <!-- mpack.FourTest -->
    </test> <!-- Test -->
  </suite> <!-- Suite -->
</testng-results>
